05-16-2023 @ 14:00:20 - 3.1.0 - No subscription webhooks found using API version 3. No updates needed.
05-16-2023 @ 14:00:20 - 3.1.0 - No subscription webhooks found using API version 3. No updates needed.
05-16-2023 @ 14:00:20 - 5.6.0 upgrade complete from Subscriptions v0 while WooCommerce WC_VERSION 7.7.0 and database version 7.7.0 was active.
05-16-2023 @ 14:00:20 - Environment info:
05-16-2023 @ 14:00:20 - 5.6.0 upgrade complete from Subscriptions v0 while WooCommerce WC_VERSION 7.7.0 and database version 7.7.0 was active.
05-16-2023 @ 14:00:20 -     WordPress Version : 6.2
05-16-2023 @ 14:00:20 - Environment info:
05-16-2023 @ 14:00:20 - Active Plugins:
05-16-2023 @ 14:00:20 -     WordPress Version : 6.2
05-16-2023 @ 14:00:20 -     Blocksy Companion by CreativeThemes – 1.8.86
05-16-2023 @ 14:00:20 - Active Plugins:
05-16-2023 @ 14:00:20 -     Map Block for Google Maps by WebFactory Ltd – 1.32
05-16-2023 @ 14:00:20 -     Blocksy Companion by CreativeThemes – 1.8.86
05-16-2023 @ 14:00:20 -     Stackable - Gutenberg Blocks by Gambit Technologies, Inc – 3.7.2
05-16-2023 @ 14:00:20 -     Map Block for Google Maps by WebFactory Ltd – 1.32
05-16-2023 @ 14:00:20 -     WooCommerce Payments by Automattic – 5.8.1
05-16-2023 @ 14:00:20 -     Stackable - Gutenberg Blocks by Gambit Technologies, Inc – 3.7.2
05-16-2023 @ 14:00:20 -     WooCommerce by Automattic – 7.7.0
05-16-2023 @ 14:00:20 -     WooCommerce Payments by Automattic – 5.8.1
05-16-2023 @ 14:00:20 -     WPForms Lite by WPForms – 1.8.1.2
05-16-2023 @ 14:00:20 -     WooCommerce by Automattic – 7.7.0
05-16-2023 @ 14:00:20 -     WPForms Lite by WPForms – 1.8.1.2
